Determining if the pthread_create exist failed with the following output:
Change Dir: /home/pavan/graphics/A2/part_1/build/CMakeFiles/CMakeTmp

Run Build Command:"/usr/bin/make" "cmTryCompileExec1191324637/fast"
/usr/bin/make -f CMakeFiles/cmTryCompileExec1191324637.dir/build.make CMakeFiles/cmTryCompileExec1191324637.dir/build
make[1]: Entering directory `/home/pavan/graphics/A2/part_1/build/CMakeFiles/CMakeTmp'
/usr/bin/cmake -E cmake_progress_report /home/pavan/graphics/A2/part_1/build/CMakeFiles/CMakeTmp/CMakeFiles 1
Building C object CMakeFiles/cmTryCompileExec1191324637.dir/CheckSymbolExists.c.o
/usr/bin/cc    -o CMakeFiles/cmTryCompileExec1191324637.dir/CheckSymbolExists.c.o   -c /home/pavan/graphics/A2/part_1/build/CMakeFiles/CMakeTmp/CheckSymbolExists.c
Linking C executable cmTryCompileExec1191324637
/usr/bin/cmake -E cmake_link_script CMakeFiles/cmTryCompileExec1191324637.dir/link.txt --verbose=1
/usr/bin/cc       CMakeFiles/cmTryCompileExec1191324637.dir/CheckSymbolExists.c.o  -o cmTryCompileExec1191324637 -rdynamic 
CMakeFiles/cmTryCompileExec1191324637.dir/CheckSymbolExists.c.o: In function `main':
CheckSymbolExists.c:(.text+0x16): undefined reference to `pthread_create'
collect2: error: ld returned 1 exit status
make[1]: *** [cmTryCompileExec1191324637] Error 1
make[1]: Leaving directory `/home/pavan/graphics/A2/part_1/build/CMakeFiles/CMakeTmp'
make: *** [cmTryCompileExec1191324637/fast] Error 2

File /home/pavan/graphics/A2/part_1/build/CMakeFiles/CMakeTmp/CheckSymbolExists.c:
/* */
#include <pthread.h>

int main(int argc, char** argv)
{
  (void)argv;
#ifndef pthread_create
  return ((int*)(&pthread_create))[argc];
#else
  (void)argc;
  return 0;
#endif
}

